Traceback (most recent call last):
  File "/opt/hostedtoolcache/Python/3.10.13/x64/lib/python3.10/site-packages/jupyter_cache/executors/utils.py", line 51, in single_nb_execution
    executenb(
  File "/opt/hostedtoolcache/Python/3.10.13/x64/lib/python3.10/site-packages/nbclient/client.py", line 1204, in execute
    return NotebookClient(nb=nb, resources=resources, km=km, **kwargs).execute()
  File "/opt/hostedtoolcache/Python/3.10.13/x64/lib/python3.10/site-packages/nbclient/util.py", line 84, in wrapped
    return just_run(coro(*args, **kwargs))
  File "/opt/hostedtoolcache/Python/3.10.13/x64/lib/python3.10/site-packages/nbclient/util.py", line 62, in just_run
    return loop.run_until_complete(coro)
  File "/opt/hostedtoolcache/Python/3.10.13/x64/lib/python3.10/asyncio/base_events.py", line 649, in run_until_complete
    return future.result()
  File "/opt/hostedtoolcache/Python/3.10.13/x64/lib/python3.10/site-packages/nbclient/client.py", line 663, in async_execute
    await self.async_execute_cell(
  File "/opt/hostedtoolcache/Python/3.10.13/x64/lib/python3.10/site-packages/nbclient/client.py", line 965, in async_execute_cell
    await self._check_raise_for_error(cell, cell_index, exec_reply)
  File "/opt/hostedtoolcache/Python/3.10.13/x64/lib/python3.10/site-packages/nbclient/client.py", line 862, in _check_raise_for_error
    raise CellExecutionError.from_cell_and_msg(cell, exec_reply_content)
nbclient.exceptions.CellExecutionError: An error occurred while executing the following cell:
------------------
all_organization_proposals = pd.read_csv(
    "../plutocracy_data/full_report/plutocracy_report.csv.gzip",
    engine="c",
    low_memory=False,
    compression='gzip',
)
all_organization_proposals_filtered = pd.read_csv(
    "../plutocracy_data/full_report/plutocracy_report_filtered.csv.gzip",
    engine="c",
    low_memory=False,
    compression='gzip',
)

------------------

[0;31m---------------------------------------------------------------------------[0m
[0;31mBadGzipFile[0m                               Traceback (most recent call last)
Cell [0;32mIn[2], line 1[0m
[0;32m----> 1[0m all_organization_proposals [38;5;241m=[39m [43mpd[49m[38;5;241;43m.[39;49m[43mread_csv[49m[43m([49m
[1;32m      2[0m [43m    [49m[38;5;124;43m"[39;49m[38;5;124;43m../plutocracy_data/full_report/plutocracy_report.csv.gzip[39;49m[38;5;124;43m"[39;49m[43m,[49m
[1;32m      3[0m [43m    [49m[43mengine[49m[38;5;241;43m=[39;49m[38;5;124;43m"[39;49m[38;5;124;43mc[39;49m[38;5;124;43m"[39;49m[43m,[49m
[1;32m      4[0m [43m    [49m[43mlow_memory[49m[38;5;241;43m=[39;49m[38;5;28;43;01mFalse[39;49;00m[43m,[49m
[1;32m      5[0m [43m    [49m[43mcompression[49m[38;5;241;43m=[39;49m[38;5;124;43m'[39;49m[38;5;124;43mgzip[39;49m[38;5;124;43m'[39;49m[43m,[49m
[1;32m      6[0m [43m)[49m
[1;32m      7[0m all_organization_proposals_filtered [38;5;241m=[39m pd[38;5;241m.[39mread_csv(
[1;32m      8[0m     [38;5;124m"[39m[38;5;124m../plutocracy_data/full_report/plutocracy_report_filtered.csv.gzip[39m[38;5;124m"[39m,
[1;32m      9[0m     engine[38;5;241m=[39m[38;5;124m"[39m[38;5;124mc[39m[38;5;124m"[39m,
[1;32m     10[0m     low_memory[38;5;241m=[39m[38;5;28;01mFalse[39;00m,
[1;32m     11[0m     compression[38;5;241m=[39m[38;5;124m'[39m[38;5;124mgzip[39m[38;5;124m'[39m,
[1;32m     12[0m )

File [0;32m/opt/hostedtoolcache/Python/3.10.13/x64/lib/python3.10/site-packages/pandas/util/_decorators.py:211[0m, in [0;36mdeprecate_kwarg.<locals>._deprecate_kwarg.<locals>.wrapper[0;34m(*args, **kwargs)[0m
[1;32m    209[0m     [38;5;28;01melse[39;00m:
[1;32m    210[0m         kwargs[new_arg_name] [38;5;241m=[39m new_arg_value
[0;32m--> 211[0m [38;5;28;01mreturn[39;00m [43mfunc[49m[43m([49m[38;5;241;43m*[39;49m[43margs[49m[43m,[49m[43m [49m[38;5;241;43m*[39;49m[38;5;241;43m*[39;49m[43mkwargs[49m[43m)[49m

File [0;32m/opt/hostedtoolcache/Python/3.10.13/x64/lib/python3.10/site-packages/pandas/util/_decorators.py:331[0m, in [0;36mdeprecate_nonkeyword_arguments.<locals>.decorate.<locals>.wrapper[0;34m(*args, **kwargs)[0m
[1;32m    325[0m [38;5;28;01mif[39;00m [38;5;28mlen[39m(args) [38;5;241m>[39m num_allow_args:
[1;32m    326[0m     warnings[38;5;241m.[39mwarn(
[1;32m    327[0m         msg[38;5;241m.[39mformat(arguments[38;5;241m=[39m_format_argument_list(allow_args)),
[1;32m    328[0m         [38;5;167;01mFutureWarning[39;00m,
[1;32m    329[0m         stacklevel[38;5;241m=[39mfind_stack_level(),
[1;32m    330[0m     )
[0;32m--> 331[0m [38;5;28;01mreturn[39;00m [43mfunc[49m[43m([49m[38;5;241;43m*[39;49m[43margs[49m[43m,[49m[43m [49m[38;5;241;43m*[39;49m[38;5;241;43m*[39;49m[43mkwargs[49m[43m)[49m

File [0;32m/opt/hostedtoolcache/Python/3.10.13/x64/lib/python3.10/site-packages/pandas/io/parsers/readers.py:950[0m, in [0;36mread_csv[0;34m(filepath_or_buffer, sep, delimiter, header, names, index_col, usecols, squeeze, prefix, mangle_dupe_cols, dtype, engine, converters, true_values, false_values, skipinitialspace, skiprows, skipfooter, nrows, na_values, keep_default_na, na_filter, verbose, skip_blank_lines, parse_dates, infer_datetime_format, keep_date_col, date_parser, dayfirst, cache_dates, iterator, chunksize, compression, thousands, decimal, lineterminator, quotechar, quoting, doublequote, escapechar, comment, encoding, encoding_errors, dialect, error_bad_lines, warn_bad_lines, on_bad_lines, delim_whitespace, low_memory, memory_map, float_precision, storage_options)[0m
[1;32m    935[0m kwds_defaults [38;5;241m=[39m _refine_defaults_read(
[1;32m    936[0m     dialect,
[1;32m    937[0m     delimiter,
[0;32m   (...)[0m
[1;32m    946[0m     defaults[38;5;241m=[39m{[38;5;124m"[39m[38;5;124mdelimiter[39m[38;5;124m"[39m: [38;5;124m"[39m[38;5;124m,[39m[38;5;124m"[39m},
[1;32m    947[0m )
[1;32m    948[0m kwds[38;5;241m.[39mupdate(kwds_defaults)
[0;32m--> 950[0m [38;5;28;01mreturn[39;00m [43m_read[49m[43m([49m[43mfilepath_or_buffer[49m[43m,[49m[43m [49m[43mkwds[49m[43m)[49m

File [0;32m/opt/hostedtoolcache/Python/3.10.13/x64/lib/python3.10/site-packages/pandas/io/parsers/readers.py:605[0m, in [0;36m_read[0;34m(filepath_or_buffer, kwds)[0m
[1;32m    602[0m _validate_names(kwds[38;5;241m.[39mget([38;5;124m"[39m[38;5;124mnames[39m[38;5;124m"[39m, [38;5;28;01mNone[39;00m))
[1;32m    604[0m [38;5;66;03m# Create the parser.[39;00m
[0;32m--> 605[0m parser [38;5;241m=[39m [43mTextFileReader[49m[43m([49m[43mfilepath_or_buffer[49m[43m,[49m[43m [49m[38;5;241;43m*[39;49m[38;5;241;43m*[39;49m[43mkwds[49m[43m)[49m
[1;32m    607[0m [38;5;28;01mif[39;00m chunksize [38;5;129;01mor[39;00m iterator:
[1;32m    608[0m     [38;5;28;01mreturn[39;00m parser

File [0;32m/opt/hostedtoolcache/Python/3.10.13/x64/lib/python3.10/site-packages/pandas/io/parsers/readers.py:1442[0m, in [0;36mTextFileReader.__init__[0;34m(self, f, engine, **kwds)[0m
[1;32m   1439[0m     [38;5;28mself[39m[38;5;241m.[39moptions[[38;5;124m"[39m[38;5;124mhas_index_names[39m[38;5;124m"[39m] [38;5;241m=[39m kwds[[38;5;124m"[39m[38;5;124mhas_index_names[39m[38;5;124m"[39m]
[1;32m   1441[0m [38;5;28mself[39m[38;5;241m.[39mhandles: IOHandles [38;5;241m|[39m [38;5;28;01mNone[39;00m [38;5;241m=[39m [38;5;28;01mNone[39;00m
[0;32m-> 1442[0m [38;5;28mself[39m[38;5;241m.[39m_engine [38;5;241m=[39m [38;5;28;43mself[39;49m[38;5;241;43m.[39;49m[43m_make_engine[49m[43m([49m[43mf[49m[43m,[49m[43m [49m[38;5;28;43mself[39;49m[38;5;241;43m.[39;49m[43mengine[49m[43m)[49m

File [0;32m/opt/hostedtoolcache/Python/3.10.13/x64/lib/python3.10/site-packages/pandas/io/parsers/readers.py:1753[0m, in [0;36mTextFileReader._make_engine[0;34m(self, f, engine)[0m
[1;32m   1750[0m     [38;5;28;01mraise[39;00m [38;5;167;01mValueError[39;00m(msg)
[1;32m   1752[0m [38;5;28;01mtry[39;00m:
[0;32m-> 1753[0m     [38;5;28;01mreturn[39;00m [43mmapping[49m[43m[[49m[43mengine[49m[43m][49m[43m([49m[43mf[49m[43m,[49m[43m [49m[38;5;241;43m*[39;49m[38;5;241;43m*[39;49m[38;5;28;43mself[39;49m[38;5;241;43m.[39;49m[43moptions[49m[43m)[49m
[1;32m   1754[0m [38;5;28;01mexcept[39;00m [38;5;167;01mException[39;00m:
[1;32m   1755[0m     [38;5;28;01mif[39;00m [38;5;28mself[39m[38;5;241m.[39mhandles [38;5;129;01mis[39;00m [38;5;129;01mnot[39;00m [38;5;28;01mNone[39;00m:

File [0;32m/opt/hostedtoolcache/Python/3.10.13/x64/lib/python3.10/site-packages/pandas/io/parsers/c_parser_wrapper.py:79[0m, in [0;36mCParserWrapper.__init__[0;34m(self, src, **kwds)[0m
[1;32m     76[0m     kwds[38;5;241m.[39mpop(key, [38;5;28;01mNone[39;00m)
[1;32m     78[0m kwds[[38;5;124m"[39m[38;5;124mdtype[39m[38;5;124m"[39m] [38;5;241m=[39m ensure_dtype_objs(kwds[38;5;241m.[39mget([38;5;124m"[39m[38;5;124mdtype[39m[38;5;124m"[39m, [38;5;28;01mNone[39;00m))
[0;32m---> 79[0m [38;5;28mself[39m[38;5;241m.[39m_reader [38;5;241m=[39m [43mparsers[49m[38;5;241;43m.[39;49m[43mTextReader[49m[43m([49m[43msrc[49m[43m,[49m[43m [49m[38;5;241;43m*[39;49m[38;5;241;43m*[39;49m[43mkwds[49m[43m)[49m
[1;32m     81[0m [38;5;28mself[39m[38;5;241m.[39munnamed_cols [38;5;241m=[39m [38;5;28mself[39m[38;5;241m.[39m_reader[38;5;241m.[39munnamed_cols
[1;32m     83[0m [38;5;66;03m# error: Cannot determine type of 'names'[39;00m

File [0;32m/opt/hostedtoolcache/Python/3.10.13/x64/lib/python3.10/site-packages/pandas/_libs/parsers.pyx:547[0m, in [0;36mpandas._libs.parsers.TextReader.__cinit__[0;34m()[0m

File [0;32m/opt/hostedtoolcache/Python/3.10.13/x64/lib/python3.10/site-packages/pandas/_libs/parsers.pyx:636[0m, in [0;36mpandas._libs.parsers.TextReader._get_header[0;34m()[0m

File [0;32m/opt/hostedtoolcache/Python/3.10.13/x64/lib/python3.10/site-packages/pandas/_libs/parsers.pyx:852[0m, in [0;36mpandas._libs.parsers.TextReader._tokenize_rows[0;34m()[0m

File [0;32m/opt/hostedtoolcache/Python/3.10.13/x64/lib/python3.10/site-packages/pandas/_libs/parsers.pyx:1965[0m, in [0;36mpandas._libs.parsers.raise_parser_error[0;34m()[0m

File [0;32m/opt/hostedtoolcache/Python/3.10.13/x64/lib/python3.10/_compression.py:68[0m, in [0;36mDecompressReader.readinto[0;34m(self, b)[0m
[1;32m     66[0m [38;5;28;01mdef[39;00m [38;5;21mreadinto[39m([38;5;28mself[39m, b):
[1;32m     67[0m     [38;5;28;01mwith[39;00m [38;5;28mmemoryview[39m(b) [38;5;28;01mas[39;00m view, view[38;5;241m.[39mcast([38;5;124m"[39m[38;5;124mB[39m[38;5;124m"[39m) [38;5;28;01mas[39;00m byte_view:
[0;32m---> 68[0m         data [38;5;241m=[39m [38;5;28;43mself[39;49m[38;5;241;43m.[39;49m[43mread[49m[43m([49m[38;5;28;43mlen[39;49m[43m([49m[43mbyte_view[49m[43m)[49m[43m)[49m
[1;32m     69[0m         byte_view[:[38;5;28mlen[39m(data)] [38;5;241m=[39m data
[1;32m     70[0m     [38;5;28;01mreturn[39;00m [38;5;28mlen[39m(data)

File [0;32m/opt/hostedtoolcache/Python/3.10.13/x64/lib/python3.10/gzip.py:488[0m, in [0;36m_GzipReader.read[0;34m(self, size)[0m
[1;32m    484[0m [38;5;28;01mif[39;00m [38;5;28mself[39m[38;5;241m.[39m_new_member:
[1;32m    485[0m     [38;5;66;03m# If the _new_member flag is set, we have to[39;00m
[1;32m    486[0m     [38;5;66;03m# jump to the next member, if there is one.[39;00m
[1;32m    487[0m     [38;5;28mself[39m[38;5;241m.[39m_init_read()
[0;32m--> 488[0m     [38;5;28;01mif[39;00m [38;5;129;01mnot[39;00m [38;5;28;43mself[39;49m[38;5;241;43m.[39;49m[43m_read_gzip_header[49m[43m([49m[43m)[49m:
[1;32m    489[0m         [38;5;28mself[39m[38;5;241m.[39m_size [38;5;241m=[39m [38;5;28mself[39m[38;5;241m.[39m_pos
[1;32m    490[0m         [38;5;28;01mreturn[39;00m [38;5;124mb[39m[38;5;124m"[39m[38;5;124m"[39m

File [0;32m/opt/hostedtoolcache/Python/3.10.13/x64/lib/python3.10/gzip.py:436[0m, in [0;36m_GzipReader._read_gzip_header[0;34m(self)[0m
[1;32m    433[0m     [38;5;28;01mreturn[39;00m [38;5;28;01mFalse[39;00m
[1;32m    435[0m [38;5;28;01mif[39;00m magic [38;5;241m!=[39m [38;5;124mb[39m[38;5;124m'[39m[38;5;130;01m\037[39;00m[38;5;130;01m\213[39;00m[38;5;124m'[39m:
[0;32m--> 436[0m     [38;5;28;01mraise[39;00m BadGzipFile([38;5;124m'[39m[38;5;124mNot a gzipped file ([39m[38;5;132;01m%r[39;00m[38;5;124m)[39m[38;5;124m'[39m [38;5;241m%[39m magic)
[1;32m    438[0m (method, flag,
[1;32m    439[0m  [38;5;28mself[39m[38;5;241m.[39m_last_mtime) [38;5;241m=[39m struct[38;5;241m.[39munpack([38;5;124m"[39m[38;5;124m<BBIxx[39m[38;5;124m"[39m, [38;5;28mself[39m[38;5;241m.[39m_read_exact([38;5;241m8[39m))
[1;32m    440[0m [38;5;28;01mif[39;00m method [38;5;241m!=[39m [38;5;241m8[39m:

[0;31mBadGzipFile[0m: Not a gzipped file (b've')
BadGzipFile: Not a gzipped file (b've')

