Traceback (most recent call last):
  File "/opt/hostedtoolcache/Python/3.10.11/x64/lib/python3.10/site-packages/jupyter_cache/executors/utils.py", line 51, in single_nb_execution
    executenb(
  File "/opt/hostedtoolcache/Python/3.10.11/x64/lib/python3.10/site-packages/nbclient/client.py", line 1204, in execute
    return NotebookClient(nb=nb, resources=resources, km=km, **kwargs).execute()
  File "/opt/hostedtoolcache/Python/3.10.11/x64/lib/python3.10/site-packages/nbclient/util.py", line 84, in wrapped
    return just_run(coro(*args, **kwargs))
  File "/opt/hostedtoolcache/Python/3.10.11/x64/lib/python3.10/site-packages/nbclient/util.py", line 62, in just_run
    return loop.run_until_complete(coro)
  File "/opt/hostedtoolcache/Python/3.10.11/x64/lib/python3.10/asyncio/base_events.py", line 649, in run_until_complete
    return future.result()
  File "/opt/hostedtoolcache/Python/3.10.11/x64/lib/python3.10/site-packages/nbclient/client.py", line 663, in async_execute
    await self.async_execute_cell(
  File "/opt/hostedtoolcache/Python/3.10.11/x64/lib/python3.10/site-packages/nbclient/client.py", line 965, in async_execute_cell
    await self._check_raise_for_error(cell, cell_index, exec_reply)
  File "/opt/hostedtoolcache/Python/3.10.11/x64/lib/python3.10/site-packages/nbclient/client.py", line 862, in _check_raise_for_error
    raise CellExecutionError.from_cell_and_msg(cell, exec_reply_content)
nbclient.exceptions.CellExecutionError: An error occurred while executing the following cell:
------------------
propsal_choices = plutocracy_report_data['Aave'][plutocracy_report_data['Aave']['proposal_id'] == '0x84deca82139320b2570f04211b249e37b8a7602b4a0ed70e6fa772c9f6e94550'].iloc[0]['proposal_choices']
mask = score_differences_dfs["Aave"].index.to_series().apply(
    lambda s: "0x84deca8" in s,
)
proposal_score_differences = score_differences_dfs["Aave"].loc[mask]["score_differences"][0]
proposal_scores = plutocracy_report_data['Aave'][plutocracy_report_data['Aave']['proposal_id'] == '0x84deca82139320b2570f04211b249e37b8a7602b4a0ed70e6fa772c9f6e94550'].iloc[0]['proposal_scores']
pd.DataFrame(
    {choice: [score, score_diff, score - score_diff] for choice, score, score_diff in zip(eval(propsal_choices), eval(proposal_scores), proposal_score_differences)},
    index=["Scores", "Whale-only Scores", "Non-whale Scores"],
)
------------------

[0;31m---------------------------------------------------------------------------[0m
[0;31mIndexError[0m                                Traceback (most recent call last)
Cell [0;32mIn[19], line 5[0m
[1;32m      1[0m propsal_choices [38;5;241m=[39m plutocracy_report_data[[38;5;124m'[39m[38;5;124mAave[39m[38;5;124m'[39m][plutocracy_report_data[[38;5;124m'[39m[38;5;124mAave[39m[38;5;124m'[39m][[38;5;124m'[39m[38;5;124mproposal_id[39m[38;5;124m'[39m] [38;5;241m==[39m [38;5;124m'[39m[38;5;124m0x84deca82139320b2570f04211b249e37b8a7602b4a0ed70e6fa772c9f6e94550[39m[38;5;124m'[39m][38;5;241m.[39miloc[[38;5;241m0[39m][[38;5;124m'[39m[38;5;124mproposal_choices[39m[38;5;124m'[39m]
[1;32m      2[0m mask [38;5;241m=[39m score_differences_dfs[[38;5;124m"[39m[38;5;124mAave[39m[38;5;124m"[39m][38;5;241m.[39mindex[38;5;241m.[39mto_series()[38;5;241m.[39mapply(
[1;32m      3[0m     [38;5;28;01mlambda[39;00m s: [38;5;124m"[39m[38;5;124m0x84deca8[39m[38;5;124m"[39m [38;5;129;01min[39;00m s,
[1;32m      4[0m )
[0;32m----> 5[0m proposal_score_differences [38;5;241m=[39m [43mscore_differences_dfs[49m[43m[[49m[38;5;124;43m"[39;49m[38;5;124;43mAave[39;49m[38;5;124;43m"[39;49m[43m][49m[38;5;241;43m.[39;49m[43mloc[49m[43m[[49m[43mmask[49m[43m][49m[43m[[49m[38;5;124;43m"[39;49m[38;5;124;43mscore_differences[39;49m[38;5;124;43m"[39;49m[43m][49m[43m[[49m[38;5;241;43m0[39;49m[43m][49m
[1;32m      6[0m proposal_scores [38;5;241m=[39m plutocracy_report_data[[38;5;124m'[39m[38;5;124mAave[39m[38;5;124m'[39m][plutocracy_report_data[[38;5;124m'[39m[38;5;124mAave[39m[38;5;124m'[39m][[38;5;124m'[39m[38;5;124mproposal_id[39m[38;5;124m'[39m] [38;5;241m==[39m [38;5;124m'[39m[38;5;124m0x84deca82139320b2570f04211b249e37b8a7602b4a0ed70e6fa772c9f6e94550[39m[38;5;124m'[39m][38;5;241m.[39miloc[[38;5;241m0[39m][[38;5;124m'[39m[38;5;124mproposal_scores[39m[38;5;124m'[39m]
[1;32m      7[0m pd[38;5;241m.[39mDataFrame(
[1;32m      8[0m     {choice: [score, score_diff, score [38;5;241m-[39m score_diff] [38;5;28;01mfor[39;00m choice, score, score_diff [38;5;129;01min[39;00m [38;5;28mzip[39m([38;5;28meval[39m(propsal_choices), [38;5;28meval[39m(proposal_scores), proposal_score_differences)},
[1;32m      9[0m     index[38;5;241m=[39m[[38;5;124m"[39m[38;5;124mScores[39m[38;5;124m"[39m, [38;5;124m"[39m[38;5;124mWhale-only Scores[39m[38;5;124m"[39m, [38;5;124m"[39m[38;5;124mNon-whale Scores[39m[38;5;124m"[39m],
[1;32m     10[0m )

File [0;32m/opt/hostedtoolcache/Python/3.10.11/x64/lib/python3.10/site-packages/pandas/core/series.py:978[0m, in [0;36mSeries.__getitem__[0;34m(self, key)[0m
[1;32m    975[0m     key [38;5;241m=[39m unpack_1tuple(key)
[1;32m    977[0m [38;5;28;01mif[39;00m is_integer(key) [38;5;129;01mand[39;00m [38;5;28mself[39m[38;5;241m.[39mindex[38;5;241m.[39m_should_fallback_to_positional:
[0;32m--> 978[0m     [38;5;28;01mreturn[39;00m [38;5;28;43mself[39;49m[38;5;241;43m.[39;49m[43m_values[49m[43m[[49m[43mkey[49m[43m][49m
[1;32m    980[0m [38;5;28;01melif[39;00m key_is_scalar:
[1;32m    981[0m     [38;5;28;01mreturn[39;00m [38;5;28mself[39m[38;5;241m.[39m_get_value(key)

[0;31mIndexError[0m: index 0 is out of bounds for axis 0 with size 0
IndexError: index 0 is out of bounds for axis 0 with size 0

